ggml_vulkan: Found 1 Vulkan devices:
ggml_vulkan: 0 = AMD Radeon (TM) Graphics (AMD proprietary driver) | uma: 1 | fp16: 1 | bf16: 0 | warp size: 64 | shared memory: 32768 | int dot: 0 | matrix cores: none
whisper_init_from_file_with_params_no_state: loading model from 'C:\Users\mailp\AppData\Local\Temp\opencode\server\whisper_bin\Release\ggml-tiny.en.bin'
whisper_init_with_params_no_state: use gpu    = 1
whisper_init_with_params_no_state: flash attn = 1
whisper_init_with_params_no_state: gpu_device = 0
whisper_init_with_params_no_state: dtw        = 0
whisper_init_with_params_no_state: devices    = 2
whisper_init_with_params_no_state: backends   = 2
whisper_model_load: loading model
whisper_model_load: n_vocab       = 51864
whisper_model_load: n_audio_ctx   = 1500
whisper_model_load: n_audio_state = 384
whisper_model_load: n_audio_head  = 6
whisper_model_load: n_audio_layer = 4
whisper_model_load: n_text_ctx    = 448
whisper_model_load: n_text_state  = 384
whisper_model_load: n_text_head   = 6
whisper_model_load: n_text_layer  = 4
whisper_model_load: n_mels        = 80
whisper_model_load: ftype         = 1
whisper_model_load: qntvr         = 0
whisper_model_load: type          = 1 (tiny)
whisper_model_load: adding 1607 extra tokens
whisper_model_load: n_langs       = 99
whisper_model_load:      Vulkan0 total size =    77.11 MB
whisper_model_load: model size    =   77.11 MB
whisper_backend_init_gpu: device 0: Vulkan0 (type: 2)
whisper_backend_init_gpu: found GPU device 0: Vulkan0 (type: 2, cnt: 0)
whisper_backend_init_gpu: using Vulkan0 backend
whisper_init_state: kv self size  =    3.15 MB
whisper_init_state: kv cross size =    9.44 MB
whisper_init_state: kv pad  size  =    2.36 MB
whisper_init_state: compute buffer (conv)   =   14.17 MB
whisper_init_state: compute buffer (encode) =   17.72 MB
whisper_init_state: compute buffer (cross)  =   13.11 MB
whisper_init_state: compute buffer (decode) =   96.83 MB

system_info: n_threads = 2 / 12 | WHISPER : COREML = 0 | OPENVINO = 0 | CPU : SSE3 = 1 | SSSE3 = 1 | AVX = 1 | AVX2 = 1 | F16C = 1 | FMA = 1 | OPENMP = 1 | REPACK = 1 | 

operator (): processing 'audio.wav' (16000 samples, 1.0 sec), 2 threads, 1 processors, lang = en, task = transcribe, timestamps = 1 ...


system_info: n_threads = 2 / 12 | WHISPER : COREML = 0 | OPENVINO = 0 | CPU : SSE3 = 1 | SSSE3 = 1 | AVX = 1 | AVX2 = 1 | F16C = 1 | FMA = 1 | OPENMP = 1 | REPACK = 1 | 

operator (): processing 'audio.wav' (32000 samples, 2.0 sec), 2 threads, 1 processors, lang = en, task = transcribe, timestamps = 1 ...


system_info: n_threads = 2 / 12 | WHISPER : COREML = 0 | OPENVINO = 0 | CPU : SSE3 = 1 | SSSE3 = 1 | AVX = 1 | AVX2 = 1 | F16C = 1 | FMA = 1 | OPENMP = 1 | REPACK = 1 | 

operator (): processing 'audio.wav' (48000 samples, 3.0 sec), 2 threads, 1 processors, lang = en, task = transcribe, timestamps = 1 ...


system_info: n_threads = 2 / 12 | WHISPER : COREML = 0 | OPENVINO = 0 | CPU : SSE3 = 1 | SSSE3 = 1 | AVX = 1 | AVX2 = 1 | F16C = 1 | FMA = 1 | OPENMP = 1 | REPACK = 1 | 

operator (): processing 'audio.wav' (48000 samples, 3.0 sec), 2 threads, 1 processors, lang = en, task = transcribe, timestamps = 1 ...


system_info: n_threads = 2 / 12 | WHISPER : COREML = 0 | OPENVINO = 0 | CPU : SSE3 = 1 | SSSE3 = 1 | AVX = 1 | AVX2 = 1 | F16C = 1 | FMA = 1 | OPENMP = 1 | REPACK = 1 | 

operator (): processing 'audio.wav' (48000 samples, 3.0 sec), 2 threads, 1 processors, lang = en, task = transcribe, timestamps = 1 ...


system_info: n_threads = 2 / 12 | WHISPER : COREML = 0 | OPENVINO = 0 | CPU : SSE3 = 1 | SSSE3 = 1 | AVX = 1 | AVX2 = 1 | F16C = 1 | FMA = 1 | OPENMP = 1 | REPACK = 1 | 

operator (): processing 'audio.wav' (48000 samples, 3.0 sec), 2 threads, 1 processors, lang = en, task = transcribe, timestamps = 1 ...

